<?xml version="1.0" encoding="UTF-8"?>
<testng-results ignored="0" total="1" passed="1" failed="0" skipped="0">
  <reporter-output>
  </reporter-output>
  <suite started-at="2024-07-19T07:32:34 NPT" name="Default suite" finished-at="2024-07-19T07:32:42 NPT" duration-ms="7403">
    <groups>
    </groups>
    <test started-at="2024-07-19T07:32:34 NPT" name="Default test" finished-at="2024-07-19T07:32:42 NPT" duration-ms="7403">
      <class name="testcase.NewTest">
        <test-method is-config="true" signature="beforeTest()[pri:0, instance:testcase.NewTest@5c33f1a9]" started-at="2024-07-19T07:32:34 NPT" name="beforeTest" finished-at="2024-07-19T07:32:41 NPT" duration-ms="6745" status="PASS">
          <reporter-output>
          </reporter-output>
        </test-method> <!-- beforeTest -->
        <test-method signature="f()[pri:0, instance:testcase.NewTest@5c33f1a9]" started-at="2024-07-19T07:32:41 NPT" name="f" finished-at="2024-07-19T07:32:42 NPT" duration-ms="577" status="PASS">
          <reporter-output>
          </reporter-output>
        </test-method> <!-- f -->
        <test-method is-config="true" signature="afterTest()[pri:0, instance:testcase.NewTest@5c33f1a9]" started-at="2024-07-19T07:32:42 NPT" name="afterTest" finished-at="2024-07-19T07:32:42 NPT" duration-ms="0" status="PASS">
          <reporter-output>
          </reporter-output>
        </test-method> <!-- afterTest -->
      </class> <!-- testcase.NewTest -->
    </test> <!-- Default test -->
  </suite> <!-- Default suite -->
</testng-results>
